<?xml version="1.0" encoding="UTF-8"?>
<!-- Generated by org.testng.reporters.JUnitXMLReporter -->
<testsuite ignored="1" hostname="DESKTOP-V7BV2H2" failures="0" tests="1" name="Test" time="42.988" errors="0" timestamp="2024-06-22T23:17:04 IST">
  <testcase classname="com.mystore.testcases.My_AccountPageTest" name="VerifyLogin" time="26.972"/>
  <testcase classname="com.mystore.testcases.My_AccountPageTest" name="VerifyRegistrationAndLogin" time="0.0">
    <ignored/>
  </testcase> <!-- VerifyRegistrationAndLogin -->
</testsuite> <!-- Test -->
